<?xml version="1.0" encoding="UTF-8" ?>
<testsuite failures="2" time="0.995" errors="1" skipped="0" tests="8" name="com.yinzhi.eduplat.test.manager.account.TestUserManager">
  <properties>
    <property name="jboss.i18n.generate-proxies" value="true"/>
    <property name="java.runtime.name" value="Java(TM) SE Runtime Environment"/>
    <property name="sun.boot.library.path" value="C:\Program Files (x86)\Java\jdk1.6.0_18\jre\bin"/>
    <property name="java.vm.version" value="16.0-b13"/>
    <property name="java.vm.vendor" value="Sun Microsystems Inc."/>
    <property name="java.vendor.url" value="http://java.sun.com/"/>
    <property name="path.separator" value=";"/>
    <property name="java.vm.name" value="Java HotSpot(TM) Client VM"/>
    <property name="file.encoding.pkg" value="sun.io"/>
    <property name="user.country" value="CN"/>
    <property name="sun.java.launcher" value="SUN_STANDARD"/>
    <property name="sun.os.patch.level" value="Service Pack 1"/>
    <property name="java.vm.specification.name" value="Java Virtual Machine Specification"/>
    <property name="user.dir" value="C:\Users\Andy\Downloads\exit-web-framework-master\generated-sources\eduplat"/>
    <property name="java.runtime.version" value="1.6.0_18-b07"/>
    <property name="java.awt.graphicsenv" value="sun.awt.Win32GraphicsEnvironment"/>
    <property name="basedir" value="C:\Users\Andy\Downloads\exit-web-framework-master\generated-sources\eduplat"/>
    <property name="java.endorsed.dirs" value="C:\Program Files (x86)\Java\jdk1.6.0_18\jre\lib\endorsed"/>
    <property name="os.arch" value="x86"/>
    <property name="java.io.tmpdir" value="C:\Users\Andy\AppData\Local\Temp\"/>
    <property name="line.separator" value="
"/>
    <property name="java.vm.specification.vendor" value="Sun Microsystems Inc."/>
    <property name="user.variant" value=""/>
    <property name="os.name" value="Windows 7"/>
    <property name="sun.jnu.encoding" value="GBK"/>
    <property name="java.library.path" value="C:\Program Files (x86)\Java\jdk1.6.0_18\jre\bin;.;C:\Windows\Sun\Java\bin;C:\Windows\system32;C:\Windows;C:/Program Files (x86)/Java/jre6/bin/client;C:/Program Files (x86)/Java/jre6/bin;C:/Program Files (x86)/Java/jre6/lib/i386;D:\Program Files (x86)\ruby\bin;C:\Program Files (x86)\Common Files\NetSarang;C:\Windows\system32;C:\Windows;C:\Windows\System32\Wbem;C:\Windows\System32\WindowsPowerShell\v1.0\;D:\Program Files\TortoiseSVN\bin;D:\Program Files (x86)\Bitvise SSH Client;E:\Tech\apache\ant\apache-ant-1.8.4\bin;E:\Tech\apache\maven\apache-maven-3.0.4\bin;;E:\Tools\springsource\sts-3.1.0.RELEASE;"/>
    <property name="surefire.test.class.path" value="C:\Users\Andy\Downloads\exit-web-framework-master\generated-sources\eduplat\target\test-classes;C:\Users\Andy\Downloads\exit-web-framework-master\generated-sources\eduplat\target\classes;E:\Tech\apache\maven\.m2\org\exitsoft\exitsoft-common\1.1.0\exitsoft-common-1.1.0.jar;E:\Tech\apache\maven\.m2\org\exitsoft\exitsoft-orm\1.1.0\exitsoft-orm-1.1.0.jar;E:\Tech\apache\maven\.m2\org\springframework\spring-aop\3.2.1.RELEASE\spring-aop-3.2.1.RELEASE.jar;E:\Tech\apache\maven\.m2\aopalliance\aopalliance\1.0\aopalliance-1.0.jar;E:\Tech\apache\maven\.m2\org\springframework\spring-core\3.2.1.RELEASE\spring-core-3.2.1.RELEASE.jar;E:\Tech\apache\maven\.m2\commons-logging\commons-logging\1.1.1\commons-logging-1.1.1.jar;E:\Tech\apache\maven\.m2\org\springframework\spring-context\3.2.1.RELEASE\spring-context-3.2.1.RELEASE.jar;E:\Tech\apache\maven\.m2\org\springframework\spring-expression\3.2.1.RELEASE\spring-expression-3.2.1.RELEASE.jar;E:\Tech\apache\maven\.m2\org\springframework\spring-context-support\3.2.1.RELEASE\spring-context-support-3.2.1.RELEASE.jar;E:\Tech\apache\maven\.m2\org\springframework\spring-beans\3.2.1.RELEASE\spring-beans-3.2.1.RELEASE.jar;E:\Tech\apache\maven\.m2\org\aspectj\aspectjrt\1.6.9\aspectjrt-1.6.9.jar;E:\Tech\apache\maven\.m2\org\aspectj\aspectjweaver\1.6.9\aspectjweaver-1.6.9.jar;E:\Tech\apache\maven\.m2\cglib\cglib-nodep\2.2\cglib-nodep-2.2.jar;E:\Tech\apache\maven\.m2\org\springframework\spring-tx\3.2.1.RELEASE\spring-tx-3.2.1.RELEASE.jar;E:\Tech\apache\maven\.m2\org\hibernate\hibernate-entitymanager\4.1.9.Final\hibernate-entitymanager-4.1.9.Final.jar;E:\Tech\apache\maven\.m2\org\jboss\logging\jboss-logging\3.1.0.GA\jboss-logging-3.1.0.GA.jar;E:\Tech\apache\maven\.m2\org\jboss\spec\javax\transaction\jboss-transaction-api_1.1_spec\1.0.0.Final\jboss-transaction-api_1.1_spec-1.0.0.Final.jar;E:\Tech\apache\maven\.m2\org\hibernate\javax\persistence\hibernate-jpa-2.0-api\1.0.1.Final\hibernate-jpa-2.0-api-1.0.1.Final.jar;E:\Tech\apache\maven\.m2\org\hibernate\hibernate-core\4.1.9.Final\hibernate-core-4.1.9.Final.jar;E:\Tech\apache\maven\.m2\antlr\antlr\2.7.7\antlr-2.7.7.jar;E:\Tech\apache\maven\.m2\org\hibernate\common\hibernate-commons-annotations\4.0.1.Final\hibernate-commons-annotations-4.0.1.Final.jar;E:\Tech\apache\maven\.m2\org\springframework\data\spring-data-jpa\1.2.0.RELEASE\spring-data-jpa-1.2.0.RELEASE.jar;E:\Tech\apache\maven\.m2\org\springframework\data\spring-data-commons-core\1.4.0.RELEASE\spring-data-commons-core-1.4.0.RELEASE.jar;E:\Tech\apache\maven\.m2\org\springframework\spring-orm\3.2.1.RELEASE\spring-orm-3.2.1.RELEASE.jar;E:\Tech\apache\maven\.m2\org\springframework\spring-jdbc\3.2.1.RELEASE\spring-jdbc-3.2.1.RELEASE.jar;E:\Tech\apache\maven\.m2\org\javassist\javassist\3.17.1-GA\javassist-3.17.1-GA.jar;E:\Tech\apache\maven\.m2\mysql\mysql-connector-java\5.1.18\mysql-connector-java-5.1.18.jar;E:\Tech\apache\maven\.m2\org\slf4j\slf4j-api\1.7.2\slf4j-api-1.7.2.jar;E:\Tech\apache\maven\.m2\org\slf4j\jul-to-slf4j\1.7.2\jul-to-slf4j-1.7.2.jar;E:\Tech\apache\maven\.m2\org\slf4j\jcl-over-slf4j\1.7.2\jcl-over-slf4j-1.7.2.jar;E:\Tech\apache\maven\.m2\ch\qos\logback\logback-classic\1.0.9\logback-classic-1.0.9.jar;E:\Tech\apache\maven\.m2\ch\qos\logback\logback-core\1.0.9\logback-core-1.0.9.jar;E:\Tech\apache\maven\.m2\commons-dbcp\commons-dbcp\1.4\commons-dbcp-1.4.jar;E:\Tech\apache\maven\.m2\commons-pool\commons-pool\1.6\commons-pool-1.6.jar;E:\Tech\apache\maven\.m2\commons-beanutils\commons-beanutils\1.8.3\commons-beanutils-1.8.3.jar;E:\Tech\apache\maven\.m2\commons-codec\commons-codec\1.7\commons-codec-1.7.jar;E:\Tech\apache\maven\.m2\org\apache\commons\commons-lang3\3.1\commons-lang3-3.1.jar;E:\Tech\apache\maven\.m2\commons-collections\commons-collections\3.2.1\commons-collections-3.2.1.jar;E:\Tech\apache\maven\.m2\commons-io\commons-io\2.4\commons-io-2.4.jar;E:\Tech\apache\maven\.m2\commons-fileupload\commons-fileupload\1.2.2\commons-fileupload-1.2.2.jar;E:\Tech\apache\maven\.m2\asm\asm\3.3.1\asm-3.3.1.jar;E:\Tech\apache\maven\.m2\dom4j\dom4j\1.6.1\dom4j-1.6.1.jar;E:\Tech\apache\maven\.m2\xml-apis\xml-apis\1.0.b2\xml-apis-1.0.b2.jar;E:\Tech\apache\maven\.m2\org\apache\poi\poi\3.9\poi-3.9.jar;E:\Tech\apache\maven\.m2\joda-time\joda-time\2.1\joda-time-2.1.jar;E:\Tech\apache\maven\.m2\com\google\guava\guava\14.0-rc2\guava-14.0-rc2.jar;E:\Tech\apache\maven\.m2\javax\servlet\servlet-api\2.5\servlet-api-2.5.jar;E:\Tech\apache\maven\.m2\javax\servlet\jstl\1.2\jstl-1.2.jar;E:\Tech\apache\maven\.m2\taglibs\standard\1.1.2\standard-1.1.2.jar;E:\Tech\apache\maven\.m2\org\apache\shiro\shiro-core\1.2.1\shiro-core-1.2.1.jar;E:\Tech\apache\maven\.m2\org\apache\shiro\shiro-web\1.2.1\shiro-web-1.2.1.jar;E:\Tech\apache\maven\.m2\org\apache\shiro\shiro-ehcache\1.2.1\shiro-ehcache-1.2.1.jar;E:\Tech\apache\maven\.m2\org\apache\shiro\shiro-spring\1.2.1\shiro-spring-1.2.1.jar;E:\Tech\apache\maven\.m2\org\springframework\spring-web\3.2.1.RELEASE\spring-web-3.2.1.RELEASE.jar;E:\Tech\apache\maven\.m2\org\springframework\spring-webmvc\3.2.1.RELEASE\spring-webmvc-3.2.1.RELEASE.jar;E:\Tech\apache\maven\.m2\org\freemarker\freemarker\2.3.19\freemarker-2.3.19.jar;E:\Tech\apache\maven\.m2\com\fasterxml\jackson\core\jackson-databind\2.1.2\jackson-databind-2.1.2.jar;E:\Tech\apache\maven\.m2\com\fasterxml\jackson\core\jackson-annotations\2.1.1\jackson-annotations-2.1.1.jar;E:\Tech\apache\maven\.m2\com\fasterxml\jackson\core\jackson-core\2.1.1\jackson-core-2.1.1.jar;E:\Tech\apache\maven\.m2\com\fasterxml\jackson\datatype\jackson-datatype-joda\2.1.2\jackson-datatype-joda-2.1.2.jar;E:\Tech\apache\maven\.m2\com\fasterxml\jackson\datatype\jackson-datatype-hibernate4\2.1.2\jackson-datatype-hibernate4-2.1.2.jar;E:\Tech\apache\maven\.m2\com\fasterxml\jackson\module\jackson-module-jaxb-annotations\2.1.2\jackson-module-jaxb-annotations-2.1.2.jar;E:\Tech\apache\maven\.m2\net\sf\ehcache\ehcache-core\2.6.3\ehcache-core-2.6.3.jar;E:\Tech\apache\maven\.m2\junit\junit\4.8.2\junit-4.8.2.jar;E:\Tech\apache\maven\.m2\org\springframework\spring-test\3.2.1.RELEASE\spring-test-3.2.1.RELEASE.jar;E:\Tech\apache\maven\.m2\org\dbunit\dbunit\2.4.8\dbunit-2.4.8.jar;E:\Tech\apache\maven\.m2\com\h2database\h2\1.3.154\h2-1.3.154.jar;E:\Tech\apache\maven\.m2\org\eclipse\jetty\aggregate\jetty-webapp\7.6.8.v20121106\jetty-webapp-7.6.8.v20121106.jar;E:\Tech\apache\maven\.m2\org\eclipse\jetty\orbit\javax.servlet\2.5.0.v201103041518\javax.servlet-2.5.0.v201103041518.jar;E:\Tech\apache\maven\.m2\org\eclipse\jetty\jetty-jsp\7.6.8.v20121106\jetty-jsp-7.6.8.v20121106.jar;E:\Tech\apache\maven\.m2\org\eclipse\jetty\orbit\javax.servlet.jsp\2.1.0.v201105211820\javax.servlet.jsp-2.1.0.v201105211820.jar;E:\Tech\apache\maven\.m2\org\eclipse\jetty\orbit\org.apache.jasper.glassfish\2.1.0.v201110031002\org.apache.jasper.glassfish-2.1.0.v201110031002.jar;E:\Tech\apache\maven\.m2\org\eclipse\jetty\orbit\javax.servlet.jsp.jstl\1.2.0.v201105211821\javax.servlet.jsp.jstl-1.2.0.v201105211821.jar;E:\Tech\apache\maven\.m2\org\eclipse\jetty\orbit\org.apache.taglibs.standard.glassfish\1.2.0.v201112081803\org.apache.taglibs.standard.glassfish-1.2.0.v201112081803.jar;E:\Tech\apache\maven\.m2\org\eclipse\jetty\orbit\javax.el\2.1.0.v201105211819\javax.el-2.1.0.v201105211819.jar;E:\Tech\apache\maven\.m2\org\eclipse\jetty\orbit\com.sun.el\1.0.0.v201105211818\com.sun.el-1.0.0.v201105211818.jar;E:\Tech\apache\maven\.m2\org\eclipse\jetty\orbit\org.eclipse.jdt.core\3.7.1\org.eclipse.jdt.core-3.7.1.jar;"/>
    <property name="java.specification.name" value="Java Platform API Specification"/>
    <property name="java.class.version" value="50.0"/>
    <property name="sun.management.compiler" value="HotSpot Client Compiler"/>
    <property name="os.version" value="6.1"/>
    <property name="user.home" value="C:\Users\Andy"/>
    <property name="user.timezone" value="Asia/Shanghai"/>
    <property name="java.awt.printerjob" value="sun.awt.windows.WPrinterJob"/>
    <property name="java.specification.version" value="1.6"/>
    <property name="file.encoding" value="GBK"/>
    <property name="user.name" value="Andy"/>
    <property name="java.class.path" value="E:\Tech\apache\maven\.m2\org\apache\maven\surefire\surefire-booter\2.8.1\surefire-booter-2.8.1.jar;E:\Tech\apache\maven\.m2\org\apache\maven\surefire\surefire-api\2.8.1\surefire-api-2.8.1.jar"/>
    <property name="java.vm.specification.version" value="1.0"/>
    <property name="sun.arch.data.model" value="32"/>
    <property name="java.home" value="C:\Program Files (x86)\Java\jdk1.6.0_18\jre"/>
    <property name="java.specification.vendor" value="Sun Microsystems Inc."/>
    <property name="user.language" value="zh"/>
    <property name="awt.toolkit" value="sun.awt.windows.WToolkit"/>
    <property name="java.vm.info" value="mixed mode, sharing"/>
    <property name="java.version" value="1.6.0_18"/>
    <property name="java.ext.dirs" value="C:\Program Files (x86)\Java\jdk1.6.0_18\jre\lib\ext;C:\Windows\Sun\Java\lib\ext"/>
    <property name="sun.boot.class.path" value="C:\Program Files (x86)\Java\jdk1.6.0_18\jre\lib\resources.jar;C:\Program Files (x86)\Java\jdk1.6.0_18\jre\lib\rt.jar;C:\Program Files (x86)\Java\jdk1.6.0_18\jre\lib\sunrsasign.jar;C:\Program Files (x86)\Java\jdk1.6.0_18\jre\lib\jsse.jar;C:\Program Files (x86)\Java\jdk1.6.0_18\jre\lib\jce.jar;C:\Program Files (x86)\Java\jdk1.6.0_18\jre\lib\charsets.jar;C:\Program Files (x86)\Java\jdk1.6.0_18\jre\classes"/>
    <property name="java.vendor" value="Sun Microsystems Inc."/>
    <property name="localRepository" value="E:\Tech\apache\maven\.m2"/>
    <property name="file.separator" value="\"/>
    <property name="java.vendor.url.bug" value="http://java.sun.com/cgi-bin/bugreport.cgi"/>
    <property name="sun.cpu.endian" value="little"/>
    <property name="sun.io.unicode.encoding" value="UnicodeLittle"/>
    <property name="sun.desktop" value="windows"/>
    <property name="sun.cpu.isalist" value="pentium_pro+mmx pentium_pro pentium+mmx pentium i486 i386 i86"/>
  </properties>
  <testcase time="0.068" classname="com.yinzhi.eduplat.test.manager.account.TestUserManager" name="testGetUser"/>
  <testcase time="0.043" classname="com.yinzhi.eduplat.test.manager.account.TestUserManager" name="testSearchUserPage">
    <failure message="expected:&lt;0&gt; but was:&lt;2&gt;" type="java.lang.AssertionError">java.lang.AssertionError: expected:&lt;0&gt; but was:&lt;2&gt;
	at org.junit.Assert.fail(Assert.java:91)
	at org.junit.Assert.failNotEquals(Assert.java:645)
	at org.junit.Assert.assertEquals(Assert.java:126)
	at org.junit.Assert.assertEquals(Assert.java:470)
	at org.junit.Assert.assertEquals(Assert.java:454)
	at com.yinzhi.eduplat.test.manager.account.TestUserManager.testSearchUserPage(TestUserManager.java:51)
	at sun.reflect.NativeMethodAccessorImpl.invoke0(Native Method)
	at sun.reflect.NativeMethodAccessorImpl.invoke(NativeMethodAccessorImpl.java:39)
	at sun.reflect.DelegatingMethodAccessorImpl.invoke(DelegatingMethodAccessorImpl.java:25)
	at java.lang.reflect.Method.invoke(Method.java:597)
	at org.junit.runners.model.FrameworkMethod$1.runReflectiveCall(FrameworkMethod.java:44)
	at org.junit.internal.runners.model.ReflectiveCallable.run(ReflectiveCallable.java:15)
	at org.junit.runners.model.FrameworkMethod.invokeExplosively(FrameworkMethod.java:41)
	at org.junit.internal.runners.statements.InvokeMethod.evaluate(InvokeMethod.java:20)
	at org.junit.internal.runners.statements.RunBefores.evaluate(RunBefores.java:28)
	at org.springframework.test.context.junit4.statements.RunBeforeTestMethodCallbacks.evaluate(RunBeforeTestMethodCallbacks.java:74)
	at org.springframework.test.context.junit4.statements.RunAfterTestMethodCallbacks.evaluate(RunAfterTestMethodCallbacks.java:83)
	at org.springframework.test.context.junit4.statements.SpringRepeat.evaluate(SpringRepeat.java:72)
	at org.springframework.test.context.junit4.SpringJUnit4ClassRunner.runChild(SpringJUnit4ClassRunner.java:231)
	at org.springframework.test.context.junit4.SpringJUnit4ClassRunner.runChild(SpringJUnit4ClassRunner.java:88)
	at org.junit.runners.ParentRunner$3.run(ParentRunner.java:193)
	at org.junit.runners.ParentRunner$1.schedule(ParentRunner.java:52)
	at org.junit.runners.ParentRunner.runChildren(ParentRunner.java:191)
	at org.junit.runners.ParentRunner.access$000(ParentRunner.java:42)
	at org.junit.runners.ParentRunner$2.evaluate(ParentRunner.java:184)
	at org.springframework.test.context.junit4.statements.RunBeforeTestClassCallbacks.evaluate(RunBeforeTestClassCallbacks.java:61)
	at org.springframework.test.context.junit4.statements.RunAfterTestClassCallbacks.evaluate(RunAfterTestClassCallbacks.java:71)
	at org.junit.runners.ParentRunner.run(ParentRunner.java:236)
	at org.springframework.test.context.junit4.SpringJUnit4ClassRunner.run(SpringJUnit4ClassRunner.java:174)
	at org.apache.maven.surefire.junit4.JUnit4TestSet.execute(JUnit4TestSet.java:53)
	at org.apache.maven.surefire.junit4.JUnit4Provider.executeTestSet(JUnit4Provider.java:119)
	at org.apache.maven.surefire.junit4.JUnit4Provider.invoke(JUnit4Provider.java:101)
	at sun.reflect.NativeMethodAccessorImpl.invoke0(Native Method)
	at sun.reflect.NativeMethodAccessorImpl.invoke(NativeMethodAccessorImpl.java:39)
	at sun.reflect.DelegatingMethodAccessorImpl.invoke(DelegatingMethodAccessorImpl.java:25)
	at java.lang.reflect.Method.invoke(Method.java:597)
	at org.apache.maven.surefire.booter.ProviderFactory$ClassLoaderProxy.invoke(ProviderFactory.java:103)
	at $Proxy0.invoke(Unknown Source)
	at org.apache.maven.surefire.booter.SurefireStarter.invokeProvider(SurefireStarter.java:150)
	at org.apache.maven.surefire.booter.SurefireStarter.runSuitesInProcess(SurefireStarter.java:91)
	at org.apache.maven.surefire.booter.ForkedBooter.main(ForkedBooter.java:69)
</failure>
  </testcase>
  <testcase time="0.334" classname="com.yinzhi.eduplat.test.manager.account.TestUserManager" name="testInsertUser"/>
  <testcase time="0.164" classname="com.yinzhi.eduplat.test.manager.account.TestUserManager" name="testUpdateUser">
    <failure message="expected:&lt;[21232f297a57a5a743894a0e4a801fc3]&gt; but was:&lt;[123456]&gt;" type="org.junit.ComparisonFailure">org.junit.ComparisonFailure: expected:&lt;[21232f297a57a5a743894a0e4a801fc3]&gt; but was:&lt;[123456]&gt;
	at org.junit.Assert.assertEquals(Assert.java:123)
	at org.junit.Assert.assertEquals(Assert.java:145)
	at com.yinzhi.eduplat.test.manager.account.TestUserManager.testUpdateUser(TestUserManager.java:88)
	at sun.reflect.NativeMethodAccessorImpl.invoke0(Native Method)
	at sun.reflect.NativeMethodAccessorImpl.invoke(NativeMethodAccessorImpl.java:39)
	at sun.reflect.DelegatingMethodAccessorImpl.invoke(DelegatingMethodAccessorImpl.java:25)
	at java.lang.reflect.Method.invoke(Method.java:597)
	at org.junit.runners.model.FrameworkMethod$1.runReflectiveCall(FrameworkMethod.java:44)
	at org.junit.internal.runners.model.ReflectiveCallable.run(ReflectiveCallable.java:15)
	at org.junit.runners.model.FrameworkMethod.invokeExplosively(FrameworkMethod.java:41)
	at org.junit.internal.runners.statements.InvokeMethod.evaluate(InvokeMethod.java:20)
	at org.junit.internal.runners.statements.RunBefores.evaluate(RunBefores.java:28)
	at org.springframework.test.context.junit4.statements.RunBeforeTestMethodCallbacks.evaluate(RunBeforeTestMethodCallbacks.java:74)
	at org.springframework.test.context.junit4.statements.RunAfterTestMethodCallbacks.evaluate(RunAfterTestMethodCallbacks.java:83)
	at org.springframework.test.context.junit4.statements.SpringRepeat.evaluate(SpringRepeat.java:72)
	at org.springframework.test.context.junit4.SpringJUnit4ClassRunner.runChild(SpringJUnit4ClassRunner.java:231)
	at org.springframework.test.context.junit4.SpringJUnit4ClassRunner.runChild(SpringJUnit4ClassRunner.java:88)
	at org.junit.runners.ParentRunner$3.run(ParentRunner.java:193)
	at org.junit.runners.ParentRunner$1.schedule(ParentRunner.java:52)
	at org.junit.runners.ParentRunner.runChildren(ParentRunner.java:191)
	at org.junit.runners.ParentRunner.access$000(ParentRunner.java:42)
	at org.junit.runners.ParentRunner$2.evaluate(ParentRunner.java:184)
	at org.springframework.test.context.junit4.statements.RunBeforeTestClassCallbacks.evaluate(RunBeforeTestClassCallbacks.java:61)
	at org.springframework.test.context.junit4.statements.RunAfterTestClassCallbacks.evaluate(RunAfterTestClassCallbacks.java:71)
	at org.junit.runners.ParentRunner.run(ParentRunner.java:236)
	at org.springframework.test.context.junit4.SpringJUnit4ClassRunner.run(SpringJUnit4ClassRunner.java:174)
	at org.apache.maven.surefire.junit4.JUnit4TestSet.execute(JUnit4TestSet.java:53)
	at org.apache.maven.surefire.junit4.JUnit4Provider.executeTestSet(JUnit4Provider.java:119)
	at org.apache.maven.surefire.junit4.JUnit4Provider.invoke(JUnit4Provider.java:101)
	at sun.reflect.NativeMethodAccessorImpl.invoke0(Native Method)
	at sun.reflect.NativeMethodAccessorImpl.invoke(NativeMethodAccessorImpl.java:39)
	at sun.reflect.DelegatingMethodAccessorImpl.invoke(DelegatingMethodAccessorImpl.java:25)
	at java.lang.reflect.Method.invoke(Method.java:597)
	at org.apache.maven.surefire.booter.ProviderFactory$ClassLoaderProxy.invoke(ProviderFactory.java:103)
	at $Proxy0.invoke(Unknown Source)
	at org.apache.maven.surefire.booter.SurefireStarter.invokeProvider(SurefireStarter.java:150)
	at org.apache.maven.surefire.booter.SurefireStarter.runSuitesInProcess(SurefireStarter.java:91)
	at org.apache.maven.surefire.booter.ForkedBooter.main(ForkedBooter.java:69)
</failure>
  </testcase>
  <testcase time="0.02" classname="com.yinzhi.eduplat.test.manager.account.TestUserManager" name="testIsUsernameUnique"/>
  <testcase time="0.311" classname="com.yinzhi.eduplat.test.manager.account.TestUserManager" name="testDeleteUsers"/>
  <testcase time="0.039" classname="com.yinzhi.eduplat.test.manager.account.TestUserManager" name="testGetUserByUsername">
    <error type="java.lang.NullPointerException">java.lang.NullPointerException
	at com.yinzhi.eduplat.test.manager.account.TestUserManager.testGetUserByUsername(TestUserManager.java:109)
	at sun.reflect.NativeMethodAccessorImpl.invoke0(Native Method)
	at sun.reflect.NativeMethodAccessorImpl.invoke(NativeMethodAccessorImpl.java:39)
	at sun.reflect.DelegatingMethodAccessorImpl.invoke(DelegatingMethodAccessorImpl.java:25)
	at java.lang.reflect.Method.invoke(Method.java:597)
	at org.junit.runners.model.FrameworkMethod$1.runReflectiveCall(FrameworkMethod.java:44)
	at org.junit.internal.runners.model.ReflectiveCallable.run(ReflectiveCallable.java:15)
	at org.junit.runners.model.FrameworkMethod.invokeExplosively(FrameworkMethod.java:41)
	at org.junit.internal.runners.statements.InvokeMethod.evaluate(InvokeMethod.java:20)
	at org.junit.internal.runners.statements.RunBefores.evaluate(RunBefores.java:28)
	at org.springframework.test.context.junit4.statements.RunBeforeTestMethodCallbacks.evaluate(RunBeforeTestMethodCallbacks.java:74)
	at org.springframework.test.context.junit4.statements.RunAfterTestMethodCallbacks.evaluate(RunAfterTestMethodCallbacks.java:83)
	at org.springframework.test.context.junit4.statements.SpringRepeat.evaluate(SpringRepeat.java:72)
	at org.springframework.test.context.junit4.SpringJUnit4ClassRunner.runChild(SpringJUnit4ClassRunner.java:231)
	at org.springframework.test.context.junit4.SpringJUnit4ClassRunner.runChild(SpringJUnit4ClassRunner.java:88)
	at org.junit.runners.ParentRunner$3.run(ParentRunner.java:193)
	at org.junit.runners.ParentRunner$1.schedule(ParentRunner.java:52)
	at org.junit.runners.ParentRunner.runChildren(ParentRunner.java:191)
	at org.junit.runners.ParentRunner.access$000(ParentRunner.java:42)
	at org.junit.runners.ParentRunner$2.evaluate(ParentRunner.java:184)
	at org.springframework.test.context.junit4.statements.RunBeforeTestClassCallbacks.evaluate(RunBeforeTestClassCallbacks.java:61)
	at org.springframework.test.context.junit4.statements.RunAfterTestClassCallbacks.evaluate(RunAfterTestClassCallbacks.java:71)
	at org.junit.runners.ParentRunner.run(ParentRunner.java:236)
	at org.springframework.test.context.junit4.SpringJUnit4ClassRunner.run(SpringJUnit4ClassRunner.java:174)
	at org.apache.maven.surefire.junit4.JUnit4TestSet.execute(JUnit4TestSet.java:53)
	at org.apache.maven.surefire.junit4.JUnit4Provider.executeTestSet(JUnit4Provider.java:119)
	at org.apache.maven.surefire.junit4.JUnit4Provider.invoke(JUnit4Provider.java:101)
	at sun.reflect.NativeMethodAccessorImpl.invoke0(Native Method)
	at sun.reflect.NativeMethodAccessorImpl.invoke(NativeMethodAccessorImpl.java:39)
	at sun.reflect.DelegatingMethodAccessorImpl.invoke(DelegatingMethodAccessorImpl.java:25)
	at java.lang.reflect.Method.invoke(Method.java:597)
	at org.apache.maven.surefire.booter.ProviderFactory$ClassLoaderProxy.invoke(ProviderFactory.java:103)
	at $Proxy0.invoke(Unknown Source)
	at org.apache.maven.surefire.booter.SurefireStarter.invokeProvider(SurefireStarter.java:150)
	at org.apache.maven.surefire.booter.SurefireStarter.runSuitesInProcess(SurefireStarter.java:91)
	at org.apache.maven.surefire.booter.ForkedBooter.main(ForkedBooter.java:69)
</error>
  </testcase>
  <testcase time="0.006" classname="com.yinzhi.eduplat.test.manager.account.TestUserManager" name="emptyTestMethod"/>
</testsuite>